\BOOKMARK [0][-]{chapter*.2}{\376\377\000R\000e\000m\000e\000r\000c\000i\000e\000m\000e\000n\000t\000s}{}% 1
\BOOKMARK [0][-]{chapter*.3}{\376\377\000A\000b\000s\000t\000r\000a\000c\000t}{}% 2
\BOOKMARK [0][-]{chapter*.4}{\376\377\000R\000\351\000s\000u\000m\000\351}{}% 3
\BOOKMARK [0][-]{chapter*.5}{\376\377\000L\000i\000s\000t\000e\000\040\000d\000e\000s\000\040\000a\000b\000r\000\351\000v\000i\000a\000t\000i\000o\000n\000s}{}% 4
\BOOKMARK [0][-]{chapter*.6}{\376\377\000T\000a\000b\000l\000e\000\040\000d\000e\000s\000\040\000f\000i\000g\000u\000r\000e\000s}{}% 5
\BOOKMARK [0][-]{chapter*.7}{\376\377\000L\000i\000s\000t\000e\000\040\000d\000e\000s\000\040\000t\000a\000b\000l\000e\000a\000u\000x}{}% 6
\BOOKMARK [0][-]{chapter*.9}{\376\377\000I\000n\000t\000r\000o\000d\000u\000c\000t\000i\000o\000n\000\040\000G\000\351\000n\000\351\000r\000a\000l\000e}{}% 7
\BOOKMARK [0][-]{chapter.1}{\376\377\000C\000o\000n\000t\000e\000x\000t\000e\000\040\000g\000\351\000n\000\351\000r\000a\000l\000\040\000d\000u\000\040\000p\000r\000o\000j\000e\000t}{}% 8
\BOOKMARK [1][-]{section.1.1}{\376\377\000I\000n\000t\000r\000o\000d\000u\000c\000t\000i\000o\000n}{chapter.1}% 9
\BOOKMARK [1][-]{section.1.2}{\376\377\000P\000r\000\351\000s\000e\000n\000t\000a\000t\000i\000o\000n\000\040\000d\000u\000\040\000p\000r\000o\000j\000e\000t}{chapter.1}% 10
\BOOKMARK [2][-]{subsection.1.2.1}{\376\377\000S\000u\000j\000e\000t\000\040\000d\000u\000\040\000p\000r\000o\000j\000e\000t}{section.1.2}% 11
\BOOKMARK [2][-]{subsection.1.2.2}{\376\377\000I\000n\000t\000\351\000r\000\352\000t\000\040\000d\000u\000\040\000p\000r\000o\000j\000e\000t}{section.1.2}% 12
\BOOKMARK [1][-]{section.1.3}{\376\377\000P\000r\000o\000b\000l\000\351\000m\000a\000t\000i\000q\000u\000e\000\040\000e\000t\000\040\000\351\000t\000a\000t\000\040\000d\000e\000\040\000l\040\031\000e\000x\000i\000s\000t\000a\000n\000t}{chapter.1}% 13
\BOOKMARK [1][-]{section.1.4}{\376\377\000O\000b\000j\000e\000c\000t\000i\000f\000s\000\040\000d\000u\000\040\000p\000r\000o\000j\000e\000t}{chapter.1}% 14
\BOOKMARK [2][-]{subsection.1.4.1}{\376\377\000O\000b\000j\000e\000c\000t\000i\000f\000s\000\040\000f\000o\000n\000c\000t\000i\000o\000n\000n\000e\000l\000s}{section.1.4}% 15
\BOOKMARK [2][-]{subsection.1.4.2}{\376\377\000O\000b\000j\000e\000c\000t\000i\000f\000s\000\040\000t\000e\000c\000h\000n\000i\000q\000u\000e\000s}{section.1.4}% 16
\BOOKMARK [2][-]{subsection.1.4.3}{\376\377\000C\000o\000n\000t\000r\000a\000i\000n\000t\000e\000s}{section.1.4}% 17
\BOOKMARK [1][-]{section.1.5}{\376\377\000D\000\351\000m\000a\000r\000c\000h\000e\000\040\000d\000e\000\040\000g\000e\000s\000t\000i\000o\000n\000\040\000d\000e\000\040\000p\000r\000o\000j\000e\000t}{chapter.1}% 18
\BOOKMARK [2][-]{subsection.1.5.1}{\376\377\000M\000\351\000t\000h\000o\000d\000o\000l\000o\000g\000i\000e\000\040\000\050\000S\000c\000r\000u\000m\000\051}{section.1.5}% 19
\BOOKMARK [2][-]{subsection.1.5.2}{\376\377\000P\000l\000a\000n\000i\000f\000i\000c\000a\000t\000i\000o\000n\000\040\000d\000u\000\040\000p\000r\000o\000j\000e\000t}{section.1.5}% 20
\BOOKMARK [1][-]{section.1.6}{\376\377\000C\000o\000n\000c\000l\000u\000s\000i\000o\000n}{chapter.1}% 21
\BOOKMARK [0][-]{chapter.2}{\376\377\000\311\000t\000u\000d\000e\000\040\000p\000r\000\351\000l\000i\000m\000i\000n\000a\000i\000r\000e\000\040\000e\000t\000\040\000f\000o\000n\000c\000t\000i\000o\000n\000n\000e\000l\000l\000e}{}% 22
\BOOKMARK [1][-]{section.2.1}{\376\377\000I\000n\000t\000r\000o\000d\000u\000c\000t\000i\000o\000n}{chapter.2}% 23
\BOOKMARK [1][-]{section.2.2}{\376\377\000\311\000t\000u\000d\000e\000\040\000d\000e\000s\000\040\000b\000e\000s\000o\000i\000n\000s}{chapter.2}% 24
\BOOKMARK [2][-]{subsection.2.2.1}{\376\377\000B\000e\000s\000o\000i\000n\000s\000\040\000f\000o\000n\000c\000t\000i\000o\000n\000n\000e\000l\000s}{section.2.2}% 25
\BOOKMARK [2][-]{subsection.2.2.2}{\376\377\000B\000e\000s\000o\000i\000n\000s\000\040\000n\000o\000n\000\040\000f\000o\000n\000c\000t\000i\000o\000n\000n\000e\000l\000s}{section.2.2}% 26
\BOOKMARK [1][-]{section.2.3}{\376\377\000I\000d\000e\000n\000t\000i\000f\000i\000c\000a\000t\000i\000o\000n\000\040\000d\000e\000s\000\040\000a\000c\000t\000e\000u\000r\000s}{chapter.2}% 27
\BOOKMARK [2][-]{subsection.2.3.1}{\376\377\000P\000r\000o\000f\000i\000l\000\040\0001\000\040\000:\000\040\000C\000i\000t\000o\000y\000e\000n}{section.2.3}% 28
\BOOKMARK [2][-]{subsection.2.3.2}{\376\377\000P\000r\000o\000f\000i\000l\000\040\0002\000\040\000:\000\040\000A\000d\000m\000i\000n\000i\000s\000t\000r\000a\000t\000e\000u\000r}{section.2.3}% 29
\BOOKMARK [1][-]{section.2.4}{\376\377\000C\000a\000s\000\040\000d\000'\000u\000t\000i\000l\000i\000s\000a\000t\000i\000o\000n}{chapter.2}% 30
\BOOKMARK [2][-]{subsection.2.4.1}{\376\377\000U\000C\0001\000\040\000:\000\040\000A\000u\000t\000h\000e\000n\000t\000i\000f\000i\000c\000a\000t\000i\000o\000n\000\040\000u\000t\000i\000l\000i\000s\000a\000t\000e\000u\000r}{section.2.4}% 31
\BOOKMARK [2][-]{subsection.2.4.2}{\376\377\000U\000C\0002\000\040\000:\000\040\000C\000o\000n\000s\000u\000l\000t\000e\000r\000\040\000l\000a\000\040\000c\000o\000n\000s\000o\000m\000m\000a\000t\000i\000o\000n\000\040\000e\000n\000\040\000t\000e\000m\000p\000s\000\040\000r\000\351\000e\000l}{section.2.4}% 32
\BOOKMARK [2][-]{subsection.2.4.3}{\376\377\000U\000C\0003\000\040\000:\000\040\000G\000\351\000r\000e\000r\000\040\000l\000e\000s\000\040\000c\000a\000p\000t\000e\000u\000r\000s\000\040\000I\000o\000T}{section.2.4}% 33
\BOOKMARK [2][-]{subsection.2.4.4}{\376\377\000U\000C\0004\000\040\000:\000\040\000C\000o\000l\000l\000e\000c\000t\000e\000r\000\040\000l\000e\000s\000\040\000d\000o\000n\000n\000\351\000e\000s\000\040\000I\000o\000T}{section.2.4}% 34
\BOOKMARK [2][-]{subsection.2.4.5}{\376\377\000U\000C\0005\000\040\000:\000\040\000G\000\351\000n\000\351\000r\000e\000r\000\040\000d\000e\000s\000\040\000a\000l\000e\000r\000t\000e\000s\000\040\000a\000u\000t\000o\000m\000a\000t\000i\000q\000u\000e\000s}{section.2.4}% 35
\BOOKMARK [2][-]{subsection.2.4.6}{\376\377\000U\000C\0006\000\040\000:\000\040\000A\000g\000r\000\351\000g\000a\000t\000i\000o\000n\000\040\000q\000u\000o\000t\000i\000d\000i\000e\000n\000n\000e\000\040\000d\000e\000s\000\040\000d\000o\000n\000n\000\351\000e\000s}{section.2.4}% 36
\BOOKMARK [1][-]{section.2.5}{\376\377\000F\000l\000u\000x\000\040\000d\000e\000\040\000d\000o\000n\000n\000\351\000e\000s\000\040\000p\000r\000i\000n\000c\000i\000p\000a\000u\000x}{chapter.2}% 37
\BOOKMARK [1][-]{section.2.6}{\376\377\000D\000i\000a\000g\000r\000a\000m\000m\000e\000\040\000d\000e\000s\000\040\000c\000a\000s\000\040\000d\000'\000u\000t\000i\000l\000i\000s\000a\000t\000i\000o\000n}{chapter.2}% 38
\BOOKMARK [1][-]{section.2.7}{\376\377\000C\000o\000n\000c\000l\000u\000s\000i\000o\000n}{chapter.2}% 39
\BOOKMARK [1][-]{section.2.8}{\376\377\000P\000r\000o\000c\000e\000s\000s\000u\000s\000\040\000m\000\351\000t\000i\000e\000r\000\040\000\050\000s\000i\000\040\000n\000\351\000c\000e\000s\000s\000a\000i\000r\000e\000\051}{chapter.2}% 40
\BOOKMARK [1][-]{section.2.9}{\376\377\000C\000o\000n\000c\000l\000u\000s\000i\000o\000n}{chapter.2}% 41
\BOOKMARK [0][-]{chapter.3}{\376\377\000A\000n\000a\000l\000y\000s\000e\000\040\000e\000t\000\040\000c\000o\000n\000c\000e\000p\000t\000i\000o\000n}{}% 42
\BOOKMARK [1][-]{section.3.1}{\376\377\000I\000n\000t\000r\000o\000d\000u\000c\000t\000i\000o\000n}{chapter.3}% 43
\BOOKMARK [1][-]{section.3.2}{\376\377\000A\000p\000p\000r\000o\000c\000h\000e\000\040\000a\000r\000c\000h\000i\000t\000e\000c\000t\000u\000r\000a\000l\000e}{chapter.3}% 44
\BOOKMARK [2][-]{subsection.3.2.1}{\376\377\000C\000h\000o\000i\000x\000\040\000d\000'\000u\000n\000e\000\040\000a\000r\000c\000h\000i\000t\000e\000c\000t\000u\000r\000e\000\040\000m\000o\000n\000o\000l\000i\000t\000h\000i\000q\000u\000e\000\040\000e\000n\000\040\000c\000o\000u\000c\000h\000e\000s}{section.3.2}% 45
\BOOKMARK [2][-]{subsection.3.2.2}{\376\377\000O\000r\000g\000a\000n\000i\000s\000a\000t\000i\000o\000n\000\040\000e\000n\000\040\000t\000r\000o\000i\000s\000\040\000c\000o\000u\000c\000h\000e\000s}{section.3.2}% 46
\BOOKMARK [2][-]{subsection.3.2.3}{\376\377\000S\000c\000h\000\351\000m\000a\000\040\000d\000e\000\040\000l\000'\000a\000r\000c\000h\000i\000t\000e\000c\000t\000u\000r\000e}{section.3.2}% 47
\BOOKMARK [1][-]{section.3.3}{\376\377\000M\000o\000d\000\350\000l\000e\000\040\000d\000e\000\040\000d\000o\000n\000n\000\351\000e\000s}{chapter.3}% 48
\BOOKMARK [2][-]{subsection.3.3.1}{\376\377\000E\000n\000t\000i\000t\000\351\000s\000\040\000p\000r\000i\000n\000c\000i\000p\000a\000l\000e\000s}{section.3.3}% 49
\BOOKMARK [2][-]{subsection.3.3.2}{\376\377\000D\000i\000a\000g\000r\000a\000m\000m\000e\000\040\000d\000e\000\040\000c\000l\000a\000s\000s\000e\000s}{section.3.3}% 50
\BOOKMARK [2][-]{subsection.3.3.3}{\376\377\000S\000c\000h\000\351\000m\000a\000\040\000d\000e\000\040\000l\000a\000\040\000b\000a\000s\000e\000\040\000d\000e\000\040\000d\000o\000n\000n\000\351\000e\000s}{section.3.3}% 51
\BOOKMARK [1][-]{section.3.4}{\376\377\000D\000i\000a\000g\000r\000a\000m\000m\000e\000s\000\040\000d\000e\000\040\000s\000\351\000q\000u\000e\000n\000c\000e}{chapter.3}% 52
\BOOKMARK [2][-]{subsection.3.4.1}{\376\377\000S\000\351\000q\000u\000e\000n\000c\000e\000\040\000d\000'\000a\000u\000t\000h\000e\000n\000t\000i\000f\000i\000c\000a\000t\000i\000o\000n}{section.3.4}% 53
\BOOKMARK [2][-]{subsection.3.4.2}{\376\377\000S\000\351\000q\000u\000e\000n\000c\000e\000\040\000d\000e\000\040\000c\000o\000l\000l\000e\000c\000t\000e\000\040\000I\000o\000T}{section.3.4}% 54
\BOOKMARK [2][-]{subsection.3.4.3}{\376\377\000S\000\351\000q\000u\000e\000n\000c\000e\000\040\000d\000'\000a\000g\000r\000\351\000g\000a\000t\000i\000o\000n\000\040\000q\000u\000o\000t\000i\000d\000i\000e\000n\000n\000e}{section.3.4}% 55
\BOOKMARK [2][-]{subsection.3.4.4}{\376\377\000W\000o\000r\000k\000f\000l\000o\000w\000\040\000g\000\351\000n\000\351\000r\000a\000l\000\040\000d\000u\000\040\000s\000y\000s\000t\000\350\000m\000e}{section.3.4}% 56
\BOOKMARK [1][-]{section.3.5}{\376\377\000P\000a\000t\000t\000e\000r\000n\000s\000\040\000d\000e\000\040\000c\000o\000n\000c\000e\000p\000t\000i\000o\000n}{chapter.3}% 57
\BOOKMARK [2][-]{subsection.3.5.1}{\376\377\000P\000a\000t\000t\000e\000r\000n\000\040\000D\000A\000O}{section.3.5}% 58
\BOOKMARK [2][-]{subsection.3.5.2}{\376\377\000P\000a\000t\000t\000e\000r\000n\000\040\000S\000e\000r\000v\000i\000c\000e}{section.3.5}% 59
\BOOKMARK [2][-]{subsection.3.5.3}{\376\377\000P\000a\000t\000t\000e\000r\000n\000\040\000S\000i\000n\000g\000l\000e\000t\000o\000n}{section.3.5}% 60
\BOOKMARK [2][-]{subsection.3.5.4}{\376\377\000P\000a\000t\000t\000e\000r\000n\000\040\000M\000V\000C}{section.3.5}% 61
\BOOKMARK [2][-]{subsection.3.5.5}{\376\377\000P\000a\000t\000t\000e\000r\000n\000\040\000F\000i\000l\000t\000r\000e}{section.3.5}% 62
\BOOKMARK [1][-]{section.3.6}{\376\377\000S\000\351\000c\000u\000r\000i\000t\000\351}{chapter.3}% 63
\BOOKMARK [2][-]{subsection.3.6.1}{\376\377\000H\000a\000c\000h\000a\000g\000e\000\040\000d\000e\000s\000\040\000m\000o\000t\000s\000\040\000d\000e\000\040\000p\000a\000s\000s\000e}{section.3.6}% 64
\BOOKMARK [2][-]{subsection.3.6.2}{\376\377\000G\000e\000s\000t\000i\000o\000n\000\040\000d\000e\000\040\000s\000e\000s\000s\000i\000o\000n}{section.3.6}% 65
\BOOKMARK [2][-]{subsection.3.6.3}{\376\377\000C\000o\000n\000t\000r\000\364\000l\000e\000\040\000d\000'\000a\000c\000c\000\350\000s\000\040\000\050\000R\000B\000A\000C\000\051}{section.3.6}% 66
\BOOKMARK [1][-]{section.3.7}{\376\377\000P\000i\000l\000e\000\040\000t\000e\000c\000h\000n\000o\000l\000o\000g\000i\000q\000u\000e}{chapter.3}% 67
\BOOKMARK [1][-]{section.3.8}{\376\377\000C\000o\000n\000c\000l\000u\000s\000i\000o\000n}{chapter.3}% 68
\BOOKMARK [1][-]{section.3.9}{\376\377\000F\000o\000r\000m\000a\000l\000i\000s\000m\000e\000\040\000d\000e\000\040\000m\000o\000d\000\351\000l\000i\000s\000a\000t\000i\000o\000n\000\040\000\050\000U\000M\000L\000,\000\040\000e\000t\000c\000.\000\051}{chapter.3}% 69
\BOOKMARK [1][-]{section.3.10}{\376\377\000A\000r\000c\000h\000i\000t\000e\000c\000t\000u\000r\000e\000\040\000l\000o\000g\000i\000c\000i\000e\000l\000l\000e}{chapter.3}% 70
\BOOKMARK [2][-]{subsection.3.10.1}{\376\377\000A\000p\000p\000r\000o\000c\000h\000e\000\040\000a\000r\000c\000h\000i\000t\000e\000c\000t\000u\000r\000a\000l\000e}{section.3.10}% 71
\BOOKMARK [2][-]{subsection.3.10.2}{\376\377\000S\000c\000h\000\351\000m\000a\000\040\000d\000e\000\040\000l\000'\000a\000r\000c\000h\000i\000t\000e\000c\000t\000u\000r\000e\000\040\000e\000t\000\040\000o\000r\000g\000a\000n\000i\000s\000a\000t\000i\000o\000n\000\040\000e\000n\000\040\000c\000o\000u\000c\000h\000e\000s}{section.3.10}% 72
\BOOKMARK [2][-]{subsection.3.10.3}{\376\377\000D\000i\000s\000c\000u\000s\000s\000i\000o\000n}{section.3.10}% 73
\BOOKMARK [1][-]{section.3.11}{\376\377\000D\000i\000a\000g\000r\000a\000m\000m\000e\000s\000\040\000d\000e\000\040\000c\000o\000n\000c\000e\000p\000t\000i\000o\000n}{chapter.3}% 74
\BOOKMARK [2][-]{subsection.3.11.1}{\376\377\000D\000i\000a\000g\000r\000a\000m\000m\000e\000\040\000d\000e\000\040\000c\000l\000a\000s\000s\000e\000s}{section.3.11}% 75
\BOOKMARK [2][-]{subsection.3.11.2}{\376\377\000D\000i\000a\000g\000r\000a\000m\000m\000e\000s\000\040\000d\000e\000\040\000s\000\351\000q\000u\000e\000n\000c\000e}{section.3.11}% 76
\BOOKMARK [2][-]{subsection.3.11.3}{\376\377\000A\000u\000t\000r\000e\000s\000\040\000d\000i\000a\000g\000r\000a\000m\000m\000e\000s\000\040\000u\000t\000i\000l\000e\000s}{section.3.11}% 77
\BOOKMARK [1][-]{section.3.12}{\376\377\000C\000o\000n\000c\000l\000u\000s\000i\000o\000n}{chapter.3}% 78
\BOOKMARK [0][-]{chapter.4}{\376\377\000T\000e\000c\000h\000n\000o\000l\000o\000g\000i\000e\000s\000\040\000e\000t\000\040\000r\000\351\000a\000l\000i\000s\000a\000t\000i\000o\000n}{}% 79
\BOOKMARK [1][-]{section.4.1}{\376\377\000I\000n\000t\000r\000o\000d\000u\000c\000t\000i\000o\000n}{chapter.4}% 80
\BOOKMARK [1][-]{section.4.2}{\376\377\000C\000h\000o\000i\000x\000\040\000t\000e\000c\000h\000n\000i\000q\000u\000e\000s\000\040\000e\000t\000\040\000o\000u\000t\000i\000l\000s}{chapter.4}% 81
\BOOKMARK [2][-]{subsection.4.2.1}{\376\377\000L\000a\000n\000g\000a\000g\000e\000s\000,\000\040\000F\000r\000a\000m\000e\000w\000o\000r\000k\000s\000,\000\040\000B\000a\000s\000e\000s\000\040\000d\000e\000\040\000d\000o\000n\000n\000\351\000e\000s\040\046}{section.4.2}% 82
\BOOKMARK [2][-]{subsection.4.2.2}{\376\377\000O\000u\000t\000i\000l\000s\000\040\000d\000e\000\040\000d\000\351\000v\000e\000l\000o\000p\000p\000e\000m\000e\000n\000t\000\040\000\050\000I\000D\000E\000,\000\040\000g\000e\000s\000t\000i\000o\000n\000\040\000d\000e\000\040\000v\000e\000r\000s\000i\000o\000n\000s\040\046\000\051}{section.4.2}% 83
\BOOKMARK [1][-]{section.4.3}{\376\377\000A\000r\000c\000h\000i\000t\000e\000c\000t\000u\000r\000e\000\040\000d\000e\000\040\000d\000\351\000p\000l\000o\000i\000e\000m\000e\000n\000t}{chapter.4}% 84
\BOOKMARK [1][-]{section.4.4}{\376\377\000I\000m\000p\000l\000\351\000m\000e\000n\000t\000a\000t\000i\000o\000n\000\040\000e\000t\000\040\000i\000n\000t\000e\000r\000f\000a\000c\000e\000s}{chapter.4}% 85
\BOOKMARK [1][-]{section.4.5}{\376\377\000S\000t\000r\000a\000t\000\351\000g\000i\000e\000\040\000d\000e\000\040\000t\000e\000s\000t\000s}{chapter.4}% 86
\BOOKMARK [1][-]{section.4.6}{\376\377\000C\000o\000n\000c\000l\000u\000s\000i\000o\000n}{chapter.4}% 87
\BOOKMARK [0][-]{chapter*.39}{\376\377\000C\000o\000n\000c\000l\000u\000s\000i\000o\000n\000\040\000g\000\351\000n\000\351\000r\000a\000l\000e}{}% 88
\BOOKMARK [0][-]{section*.41}{\376\377\000A\000p\000p\000e\000n\000d\000i\000c\000e\000s}{}% 89
\BOOKMARK [0][-]{appendix.1.A}{\376\377\000A\000n\000n\000e\000x\000e\000s\000\040\000\050\000F\000a\000c\000u\000l\000t\000a\000t\000i\000f\000\051}{}% 90
\BOOKMARK [0][-]{appendix.1.B}{\376\377\000A\000n\000n\000e\000x\000e\000s\000\040\000\050\000F\000a\000c\000u\000l\000t\000a\000t\000i\000f\000\051}{}% 91
